- NetworkModule_vector.o
- crts0.sm8
- enc28j60.o
- gpio.o
- httpd.o
- main.o
- mqtt.o
- mqtt_pal.o
- spi.o
- timer.o
- uip.o
- uip_arp.o
- uip_tcpapphub.o
- libisl0.sm8
- libm0.sm8
- NetworkModule_vector.o
- crts0.sm8
- enc28j60.o
- gpio.o
- httpd.o
- main.o
- mqtt.o
- mqtt_pal.o
- spi.o
- timer.o
- uip.o
- uip_arp.o
- uip_tcpapphub.o
- libisl0.sm8
- libm0.sm8
NetworkModule_vector.o:
C:\Program Files (x86)\COSMIC\FSE_Compilers\CXSTM8\lib\crts0.sm8:
enc28j60.o:
gpio.o:
httpd.o:
main.o:
mqtt.o:
mqtt_pal.o:
spi.o:
timer.o:
uip.o:
uip_arp.o:
uip_tcpapphub.o:
(C:\Program Files (x86)\COSMIC\FSE_Compilers\CXSTM8\lib\libisl0.sm8)isxdig0.o:
(C:\Program Files (x86)\COSMIC\FSE_Compilers\CXSTM8\lib\libisl0.sm8)memmov.o:
(C:\Program Files (x86)\COSMIC\FSE_Compilers\CXSTM8\lib\libisl0.sm8)strcat0.o:
(C:\Program Files (x86)\COSMIC\FSE_Compilers\CXSTM8\lib\libisl0.sm8)strlen0.o:
(C:\Program Files (x86)\COSMIC\FSE_Compilers\CXSTM8\lib\libm0.sm8)bmulx.o:
(C:\Program Files (x86)\COSMIC\FSE_Compilers\CXSTM8\lib\libm0.sm8)eeprom.o:
(C:\Program Files (x86)\COSMIC\FSE_Compilers\CXSTM8\lib\libm0.sm8)fmul.o:
(C:\Program Files (x86)\COSMIC\FSE_Compilers\CXSTM8\lib\libm0.sm8)ftol.o:
(C:\Program Files (x86)\COSMIC\FSE_Compilers\CXSTM8\lib\libm0.sm8)itolx.o:
(C:\Program Files (x86)\COSMIC\FSE_Compilers\CXSTM8\lib\libm0.sm8)itoly.o:
(C:\Program Files (x86)\COSMIC\FSE_Compilers\CXSTM8\lib\libm0.sm8)ladd.o:
(C:\Program Files (x86)\COSMIC\FSE_Compilers\CXSTM8\lib\libm0.sm8)lcmp.o:
(C:\Program Files (x86)\COSMIC\FSE_Compilers\CXSTM8\lib\libm0.sm8)lgadc.o:
(C:\Program Files (x86)\COSMIC\FSE_Compilers\CXSTM8\lib\libm0.sm8)lgadd.o:
(C:\Program Files (x86)\COSMIC\FSE_Compilers\CXSTM8\lib\libm0.sm8)lglsh.o:
(C:\Program Files (x86)\COSMIC\FSE_Compilers\CXSTM8\lib\libm0.sm8)lgor.o:
(C:\Program Files (x86)\COSMIC\FSE_Compilers\CXSTM8\lib\libm0.sm8)lgsbc.o:
(C:\Program Files (x86)\COSMIC\FSE_Compilers\CXSTM8\lib\libm0.sm8)lgursh.o:
(C:\Program Files (x86)\COSMIC\FSE_Compilers\CXSTM8\lib\libm0.sm8)lreg.o:
(C:\Program Files (x86)\COSMIC\FSE_Compilers\CXSTM8\lib\libm0.sm8)ltor.o:
(C:\Program Files (x86)\COSMIC\FSE_Compilers\CXSTM8\lib\libm0.sm8)ludiv.o:
(C:\Program Files (x86)\COSMIC\FSE_Compilers\CXSTM8\lib\libm0.sm8)ldiv.o:
(C:\Program Files (x86)\COSMIC\FSE_Compilers\CXSTM8\lib\libm0.sm8)lgneg.o:
(C:\Program Files (x86)\COSMIC\FSE_Compilers\CXSTM8\lib\libm0.sm8)lneg.o:
(C:\Program Files (x86)\COSMIC\FSE_Compilers\CXSTM8\lib\libm0.sm8)lumod.o:
(C:\Program Files (x86)\COSMIC\FSE_Compilers\CXSTM8\lib\libm0.sm8)lzmp.o:
(C:\Program Files (x86)\COSMIC\FSE_Compilers\CXSTM8\lib\libm0.sm8)rtol.o:
(C:\Program Files (x86)\COSMIC\FSE_Compilers\CXSTM8\lib\libm0.sm8)sdivx.o:
(C:\Program Files (x86)\COSMIC\FSE_Compilers\CXSTM8\lib\libm0.sm8)uitof.o:
(C:\Program Files (x86)\COSMIC\FSE_Compilers\CXSTM8\lib\libm0.sm8)utolx.o:
(C:\Program Files (x86)\COSMIC\FSE_Compilers\CXSTM8\lib\libm0.sm8)xreg.o:
(C:\Program Files (x86)\COSMIC\FSE_Compilers\CXSTM8\lib\libm0.sm8)yreg.o:
